{"name": "test", "status": "failed", "statusDetails": {"message": "AssertionError: assert '0157997' == 'Все текущие заказы готовы!'\n  \n  - Все текущие заказы готовы!\n  + 0157997", "trace": "def test():\n        #driver.get(\"https://stellarburgers.nomoreparties.site/\")\n>       assert BasePage(driver).get_text_from_element(locator) == \"Все текущие заказы готовы!\"\nE       AssertionError: assert '0157997' == 'Все текущие заказы готовы!'\nE         \nE         - Все текущие заказы готовы!\nE         + 0157997\n\nsearch_locators.py:17: AssertionError"}, "start": 1732869416962, "stop": 1732869417002, "uuid": "6c7a30ed-687d-4fdc-a073-d7151f2a227f", "historyId": "258540c0511d53b64784940a8daa9a69", "testCaseId": "258540c0511d53b64784940a8daa9a69", "fullName": "search_locators#test", "labels": [{"name": "suite", "value": "search_locators"}, {"name": "host", "value": "Konstantin"}, {"name": "thread", "value": "16284-MainThread"}, {"name": "framework", "value": "pytest"}, {"name": "language", "value": "cpython3"}, {"name": "package", "value": "search_locators"}]}